Arguments: 
  /usr/local/bin/node /usr/local/Cellar/yarn/1.13.0/libexec/bin/yarn.js publish

PATH: 
  /usr/local/bin:/usr/bin:/bin:/usr/sbin:/sbin

Yarn version: 
  1.13.0

Node version: 
  10.15.3

Platform: 
  darwin x64

Trace: 
  Error: canceled
      at Interface.<anonymous> (/usr/local/Cellar/yarn/1.13.0/libexec/lib/cli.js:125657:13)
      at Interface.emit (events.js:189:13)
      at Interface._ttyWrite (readline.js:783:16)
      at ReadStream.onkeypress (readline.js:168:10)
      at ReadStream.emit (events.js:189:13)
      at emitKeys (internal/readline.js:424:14)
      at emitKeys.next (<anonymous>)
      at ReadStream.onData (readline.js:1022:36)
      at ReadStream.emit (events.js:189:13)
      at addChunk (_stream_readable.js:284:12)

npm manifest: 
  {
    "name": "root",
    "version": "independent",
    "private": false,
    "devDependencies": {
      "@types/node": "^11.13.4",
      "lerna": "^3.13.2",
      "typescript": "^3.4.3"
    },
    "scripts": {
      "publish": "lerna run tsc && lerna publish"
    }
  }

yarn manifest: 
  No manifest

Lockfile: 
  No lockfile
